running egg_info
creating ../../build/service_demo/service_demo.egg-info
writing ../../build/service_demo/service_demo.egg-info/PKG-INFO
writing dependency_links to ../../build/service_demo/service_demo.egg-info/dependency_links.txt
writing entry points to ../../build/service_demo/service_demo.egg-info/entry_points.txt
writing requirements to ../../build/service_demo/service_demo.egg-info/requires.txt
writing top-level names to ../../build/service_demo/service_demo.egg-info/top_level.txt
writing manifest file '../../build/service_demo/service_demo.egg-info/SOURCES.txt'
reading manifest file '../../build/service_demo/service_demo.egg-info/SOURCES.txt'
writing manifest file '../../build/service_demo/service_demo.egg-info/SOURCES.txt'
running build
running build_py
creating /home/wye/Projects/robotics-onboarding-notes/day-2/ros2_ws/build/service_demo/build
creating /home/wye/Projects/robotics-onboarding-notes/day-2/ros2_ws/build/service_demo/build/lib
creating /home/wye/Projects/robotics-onboarding-notes/day-2/ros2_ws/build/service_demo/build/lib/service_demo
copying service_demo/__init__.py -> /home/wye/Projects/robotics-onboarding-notes/day-2/ros2_ws/build/service_demo/build/lib/service_demo
running install
running install_lib
creating /home/wye/Projects/robotics-onboarding-notes/day-2/ros2_ws/install/service_demo/lib/python3.10/site-packages/service_demo
copying /home/wye/Projects/robotics-onboarding-notes/day-2/ros2_ws/build/service_demo/build/lib/service_demo/__init__.py -> /home/wye/Projects/robotics-onboarding-notes/day-2/ros2_ws/install/service_demo/lib/python3.10/site-packages/service_demo
byte-compiling /home/wye/Projects/robotics-onboarding-notes/day-2/ros2_ws/install/service_demo/lib/python3.10/site-packages/service_demo/__init__.py to __init__.cpython-310.pyc
running install_data
creating /home/wye/Projects/robotics-onboarding-notes/day-2/ros2_ws/install/service_demo/share/ament_index
creating /home/wye/Projects/robotics-onboarding-notes/day-2/ros2_ws/install/service_demo/share/ament_index/resource_index
creating /home/wye/Projects/robotics-onboarding-notes/day-2/ros2_ws/install/service_demo/share/ament_index/resource_index/packages
copying resource/service_demo -> /home/wye/Projects/robotics-onboarding-notes/day-2/ros2_ws/install/service_demo/share/ament_index/resource_index/packages
copying package.xml -> /home/wye/Projects/robotics-onboarding-notes/day-2/ros2_ws/install/service_demo/share/service_demo
running install_egg_info
Copying ../../build/service_demo/service_demo.egg-info to /home/wye/Projects/robotics-onboarding-notes/day-2/ros2_ws/install/service_demo/lib/python3.10/site-packages/service_demo-0.0.0-py3.10.egg-info
running install_scripts
Installing add_two_ints_client script to /home/wye/Projects/robotics-onboarding-notes/day-2/ros2_ws/install/service_demo/lib/service_demo
Installing add_two_ints_server script to /home/wye/Projects/robotics-onboarding-notes/day-2/ros2_ws/install/service_demo/lib/service_demo
writing list of installed files to '/home/wye/Projects/robotics-onboarding-notes/day-2/ros2_ws/build/service_demo/install.log'
