running egg_info
writing ../../build/service_demo/service_demo.egg-info/PKG-INFO
writing dependency_links to ../../build/service_demo/service_demo.egg-info/dependency_links.txt
writing entry points to ../../build/service_demo/service_demo.egg-info/entry_points.txt
writing requirements to ../../build/service_demo/service_demo.egg-info/requires.txt
writing top-level names to ../../build/service_demo/service_demo.egg-info/top_level.txt
reading manifest file '../../build/service_demo/service_demo.egg-info/SOURCES.txt'
writing manifest file '../../build/service_demo/service_demo.egg-info/SOURCES.txt'
running build
running build_py
copying service_demo/add_two_ints_client.py -> /home/wye/Projects/robotics-onboarding-notes/day-2/ros2_ws/build/service_demo/build/lib/service_demo
copying service_demo/add_two_ints_server.py -> /home/wye/Projects/robotics-onboarding-notes/day-2/ros2_ws/build/service_demo/build/lib/service_demo
running install
running install_lib
copying /home/wye/Projects/robotics-onboarding-notes/day-2/ros2_ws/build/service_demo/build/lib/service_demo/add_two_ints_client.py -> /home/wye/Projects/robotics-onboarding-notes/day-2/ros2_ws/install/service_demo/lib/python3.10/site-packages/service_demo
copying /home/wye/Projects/robotics-onboarding-notes/day-2/ros2_ws/build/service_demo/build/lib/service_demo/add_two_ints_server.py -> /home/wye/Projects/robotics-onboarding-notes/day-2/ros2_ws/install/service_demo/lib/python3.10/site-packages/service_demo
byte-compiling /home/wye/Projects/robotics-onboarding-notes/day-2/ros2_ws/install/service_demo/lib/python3.10/site-packages/service_demo/add_two_ints_client.py to add_two_ints_client.cpython-310.pyc
byte-compiling /home/wye/Projects/robotics-onboarding-notes/day-2/ros2_ws/install/service_demo/lib/python3.10/site-packages/service_demo/add_two_ints_server.py to add_two_ints_server.cpython-310.pyc
running install_data
running install_egg_info
removing '/home/wye/Projects/robotics-onboarding-notes/day-2/ros2_ws/install/service_demo/lib/python3.10/site-packages/service_demo-0.0.0-py3.10.egg-info' (and everything under it)
Copying ../../build/service_demo/service_demo.egg-info to /home/wye/Projects/robotics-onboarding-notes/day-2/ros2_ws/install/service_demo/lib/python3.10/site-packages/service_demo-0.0.0-py3.10.egg-info
running install_scripts
Installing add_two_ints_client script to /home/wye/Projects/robotics-onboarding-notes/day-2/ros2_ws/install/service_demo/lib/service_demo
Installing add_two_ints_server script to /home/wye/Projects/robotics-onboarding-notes/day-2/ros2_ws/install/service_demo/lib/service_demo
writing list of installed files to '/home/wye/Projects/robotics-onboarding-notes/day-2/ros2_ws/build/service_demo/install.log'
