[0.067s] DEBUG:colcon:Command line arguments: ['/usr/bin/colcon', 'build']
[0.067s] DEBUG:colcon:Parsed command line arguments: Namespace(log_base=None, log_level=None, verb_name='build', build_base='build', install_base='install', merge_install=False, symlink_install=False, test_result_base=None, continue_on_error=False, executor='parallel', parallel_workers=4, event_handlers=None, ignore_user_meta=False, metas=['./colcon.meta'], base_paths=['.'], packages_ignore=None, packages_ignore_regex=None, paths=None, packages_up_to=None, packages_up_to_regex=None, packages_above=None, packages_above_and_dependencies=None, packages_above_depth=None, packages_select_by_dep=None, packages_skip_by_dep=None, packages_skip_up_to=None, packages_select_build_failed=False, packages_skip_build_finished=False, packages_select_test_failures=False, packages_skip_test_passed=False, packages_select=None, packages_skip=None, packages_select_regex=None, packages_skip_regex=None, packages_start=None, packages_end=None, allow_overriding=[], cmake_args=None, cmake_target=None, cmake_target_skip_unavailable=False, cmake_clean_cache=False, cmake_clean_first=False, cmake_force_configure=False, ament_cmake_args=None, catkin_cmake_args=None, catkin_skip_building_tests=False, verb_parser=<colcon_defaults.argument_parser.defaults.DefaultArgumentsDecorator object at 0xffffa102ba30>, verb_extension=<colcon_core.verb.build.BuildVerb object at 0xffffa102b4c0>, main=<bound method BuildVerb.main of <colcon_core.verb.build.BuildVerb object at 0xffffa102b4c0>>)
[0.207s] Level 1:colcon.colcon_core.package_discovery:discover_packages(colcon_meta) check parameters
[0.207s] Level 1:colcon.colcon_core.package_discovery:discover_packages(recursive) check parameters
[0.207s] Level 1:colcon.colcon_core.package_discovery:discover_packages(ignore) check parameters
[0.207s] Level 1:colcon.colcon_core.package_discovery:discover_packages(path) check parameters
[0.207s] Level 1:colcon.colcon_core.package_discovery:discover_packages(colcon_meta) discover
[0.207s] Level 1:colcon.colcon_core.package_discovery:discover_packages(recursive) discover
[0.207s] INFO:colcon.colcon_core.package_discovery:Crawling recursively for packages in '/home/wye/Projects/robotics-onboarding-notes/day-1/ros2_ws'
[0.207s] Level 1:colcon.colcon_core.package_identification:_identify(.) by extensions ['ignore', 'ignore_ament_install']
[0.207s] Level 1:colcon.colcon_core.package_identification:_identify(.) by extension 'ignore'
[0.207s] Level 1:colcon.colcon_core.package_identification:_identify(.) by extension 'ignore_ament_install'
[0.207s] Level 1:colcon.colcon_core.package_identification:_identify(.) by extensions ['colcon_pkg']
[0.207s] Level 1:colcon.colcon_core.package_identification:_identify(.) by extension 'colcon_pkg'
[0.207s] Level 1:colcon.colcon_core.package_identification:_identify(.) by extensions ['colcon_meta']
[0.207s] Level 1:colcon.colcon_core.package_identification:_identify(.) by extension 'colcon_meta'
[0.207s] Level 1:colcon.colcon_core.package_identification:_identify(.) by extensions ['ros']
[0.207s] Level 1:colcon.colcon_core.package_identification:_identify(.) by extension 'ros'
[0.212s] Level 1:colcon.colcon_core.package_identification:_identify(.) by extensions ['cmake', 'python']
[0.212s] Level 1:colcon.colcon_core.package_identification:_identify(.) by extension 'cmake'
[0.212s] Level 1:colcon.colcon_core.package_identification:_identify(.) by extension 'python'
[0.212s] Level 1:colcon.colcon_core.package_identification:_identify(.) by extensions ['python_setup_py']
[0.212s] Level 1:colcon.colcon_core.package_identification:_identify(.) by extension 'python_setup_py'
[0.212s] Level 1:colcon.colcon_core.package_identification:_identify(build) by extensions ['ignore', 'ignore_ament_install']
[0.212s] Level 1:colcon.colcon_core.package_identification:_identify(build) by extension 'ignore'
[0.212s] Level 1:colcon.colcon_core.package_identification:_identify(build) ignored
[0.212s] Level 1:colcon.colcon_core.package_identification:_identify(install) by extensions ['ignore', 'ignore_ament_install']
[0.212s] Level 1:colcon.colcon_core.package_identification:_identify(install) by extension 'ignore'
[0.212s] Level 1:colcon.colcon_core.package_identification:_identify(install) ignored
[0.212s] Level 1:colcon.colcon_core.package_identification:_identify(log) by extensions ['ignore', 'ignore_ament_install']
[0.213s] Level 1:colcon.colcon_core.package_identification:_identify(log) by extension 'ignore'
[0.213s] Level 1:colcon.colcon_core.package_identification:_identify(log) ignored
[0.213s] Level 1:colcon.colcon_core.package_identification:_identify(src) by extensions ['ignore', 'ignore_ament_install']
[0.213s] Level 1:colcon.colcon_core.package_identification:_identify(src) by extension 'ignore'
[0.213s] Level 1:colcon.colcon_core.package_identification:_identify(src) by extension 'ignore_ament_install'
[0.213s] Level 1:colcon.colcon_core.package_identification:_identify(src) by extensions ['colcon_pkg']
[0.213s] Level 1:colcon.colcon_core.package_identification:_identify(src) by extension 'colcon_pkg'
[0.213s] Level 1:colcon.colcon_core.package_identification:_identify(src) by extensions ['colcon_meta']
[0.213s] Level 1:colcon.colcon_core.package_identification:_identify(src) by extension 'colcon_meta'
[0.213s] Level 1:colcon.colcon_core.package_identification:_identify(src) by extensions ['ros']
[0.213s] Level 1:colcon.colcon_core.package_identification:_identify(src) by extension 'ros'
[0.213s] Level 1:colcon.colcon_core.package_identification:_identify(src) by extensions ['cmake', 'python']
[0.213s] Level 1:colcon.colcon_core.package_identification:_identify(src) by extension 'cmake'
[0.213s] Level 1:colcon.colcon_core.package_identification:_identify(src) by extension 'python'
[0.213s] Level 1:colcon.colcon_core.package_identification:_identify(src) by extensions ['python_setup_py']
[0.213s] Level 1:colcon.colcon_core.package_identification:_identify(src) by extension 'python_setup_py'
[0.213s] Level 1:colcon.colcon_core.package_identification:_identify(src/day1_topics) by extensions ['ignore', 'ignore_ament_install']
[0.213s] Level 1:colcon.colcon_core.package_identification:_identify(src/day1_topics) by extension 'ignore'
[0.213s] Level 1:colcon.colcon_core.package_identification:_identify(src/day1_topics) by extension 'ignore_ament_install'
[0.213s] Level 1:colcon.colcon_core.package_identification:_identify(src/day1_topics) by extensions ['colcon_pkg']
[0.213s] Level 1:colcon.colcon_core.package_identification:_identify(src/day1_topics) by extension 'colcon_pkg'
[0.213s] Level 1:colcon.colcon_core.package_identification:_identify(src/day1_topics) by extensions ['colcon_meta']
[0.213s] Level 1:colcon.colcon_core.package_identification:_identify(src/day1_topics) by extension 'colcon_meta'
[0.213s] Level 1:colcon.colcon_core.package_identification:_identify(src/day1_topics) by extensions ['ros']
[0.213s] Level 1:colcon.colcon_core.package_identification:_identify(src/day1_topics) by extension 'ros'
[0.214s] DEBUG:colcon.colcon_core.package_identification:Package 'src/day1_topics' with type 'ros.ament_python' and name 'day1_topics'
[0.214s] Level 1:colcon.colcon_core.package_discovery:discover_packages(recursive) using defaults
[0.214s] Level 1:colcon.colcon_core.package_discovery:discover_packages(ignore) discover
[0.214s] Level 1:colcon.colcon_core.package_discovery:discover_packages(ignore) using defaults
[0.214s] Level 1:colcon.colcon_core.package_discovery:discover_packages(path) discover
[0.214s] Level 1:colcon.colcon_core.package_discovery:discover_packages(path) using defaults
[0.228s] Level 1:colcon.colcon_core.package_discovery:discover_packages(prefix_path) check parameters
[0.228s] Level 1:colcon.colcon_core.package_discovery:discover_packages(prefix_path) discover
[0.230s] DEBUG:colcon.colcon_installed_package_information.package_discovery:Found 272 installed packages in /opt/ros/humble
[0.235s] Level 1:colcon.colcon_core.package_discovery:discover_packages(prefix_path) using defaults
[0.253s] Level 5:colcon.colcon_core.verb:set package 'day1_topics' build argument 'cmake_args' from command line to 'None'
[0.253s] Level 5:colcon.colcon_core.verb:set package 'day1_topics' build argument 'cmake_target' from command line to 'None'
[0.253s] Level 5:colcon.colcon_core.verb:set package 'day1_topics' build argument 'cmake_target_skip_unavailable' from command line to 'False'
[0.253s] Level 5:colcon.colcon_core.verb:set package 'day1_topics' build argument 'cmake_clean_cache' from command line to 'False'
[0.253s] Level 5:colcon.colcon_core.verb:set package 'day1_topics' build argument 'cmake_clean_first' from command line to 'False'
[0.253s] Level 5:colcon.colcon_core.verb:set package 'day1_topics' build argument 'cmake_force_configure' from command line to 'False'
[0.253s] Level 5:colcon.colcon_core.verb:set package 'day1_topics' build argument 'ament_cmake_args' from command line to 'None'
[0.253s] Level 5:colcon.colcon_core.verb:set package 'day1_topics' build argument 'catkin_cmake_args' from command line to 'None'
[0.253s] Level 5:colcon.colcon_core.verb:set package 'day1_topics' build argument 'catkin_skip_building_tests' from command line to 'False'
[0.253s] DEBUG:colcon.colcon_core.verb:Building package 'day1_topics' with the following arguments: {'ament_cmake_args': None, 'build_base': '/home/wye/Projects/robotics-onboarding-notes/day-1/ros2_ws/build/day1_topics', 'catkin_cmake_args': None, 'catkin_skip_building_tests': False, 'cmake_args': None, 'cmake_clean_cache': False, 'cmake_clean_first': False, 'cmake_force_configure': False, 'cmake_target': None, 'cmake_target_skip_unavailable': False, 'install_base': '/home/wye/Projects/robotics-onboarding-notes/day-1/ros2_ws/install/day1_topics', 'merge_install': False, 'path': '/home/wye/Projects/robotics-onboarding-notes/day-1/ros2_ws/src/day1_topics', 'symlink_install': False, 'test_result_base': None}
[0.253s] INFO:colcon.colcon_core.executor:Executing jobs using 'parallel' executor
[0.254s] DEBUG:colcon.colcon_parallel_executor.executor.parallel:run_until_complete
[0.254s] INFO:colcon.colcon_ros.task.ament_python.build:Building ROS package in '/home/wye/Projects/robotics-onboarding-notes/day-1/ros2_ws/src/day1_topics' with build type 'ament_python'
[0.254s] Level 1:colcon.colcon_core.shell:create_environment_hook('day1_topics', 'ament_prefix_path')
[0.257s] INFO:colcon.colcon_core.plugin_system:Skipping extension 'colcon_core.shell.bat': Not used on non-Windows systems
[0.257s] INFO:colcon.colcon_core.shell:Creating environment hook '/home/wye/Projects/robotics-onboarding-notes/day-1/ros2_ws/install/day1_topics/share/day1_topics/hook/ament_prefix_path.ps1'
[0.257s] INFO:colcon.colcon_core.shell:Creating environment descriptor '/home/wye/Projects/robotics-onboarding-notes/day-1/ros2_ws/install/day1_topics/share/day1_topics/hook/ament_prefix_path.dsv'
[0.258s] INFO:colcon.colcon_core.shell:Creating environment hook '/home/wye/Projects/robotics-onboarding-notes/day-1/ros2_ws/install/day1_topics/share/day1_topics/hook/ament_prefix_path.sh'
[0.258s] INFO:colcon.colcon_core.shell:Skip shell extension 'powershell' for command environment: Not usable outside of PowerShell
[0.258s] DEBUG:colcon.colcon_core.shell:Skip shell extension 'dsv' for command environment
[0.367s] INFO:colcon.colcon_core.task.python.build:Building Python package in '/home/wye/Projects/robotics-onboarding-notes/day-1/ros2_ws/src/day1_topics'
[0.367s] INFO:colcon.colcon_core.shell:Skip shell extension 'powershell' for command environment: Not usable outside of PowerShell
[0.367s] DEBUG:colcon.colcon_core.shell:Skip shell extension 'dsv' for command environment
[0.587s] DEBUG:colcon.colcon_core.event_handler.log_command:Invoking command in '/home/wye/Projects/robotics-onboarding-notes/day-1/ros2_ws/src/day1_topics': PYTHONPATH=/home/wye/Projects/robotics-onboarding-notes/day-1/ros2_ws/build/day1_topics/prefix_override:/usr/lib/python3/dist-packages/colcon_core/task/python/colcon_distutils_commands:/home/wye/Projects/robotics-onboarding-notes/day-1/ros2_ws/install/day1_topics/lib/python3.10/site-packages:${PYTHONPATH} /usr/bin/python3 -W ignore:setup.py install is deprecated -W ignore:easy_install command is deprecated setup.py egg_info --egg-base ../../build/day1_topics build --build-base /home/wye/Projects/robotics-onboarding-notes/day-1/ros2_ws/build/day1_topics/build install --record /home/wye/Projects/robotics-onboarding-notes/day-1/ros2_ws/build/day1_topics/install.log --single-version-externally-managed install_data
[0.708s] DEBUG:colcon.colcon_core.event_handler.log_command:Invoked command in '/home/wye/Projects/robotics-onboarding-notes/day-1/ros2_ws/src/day1_topics' returned '0': PYTHONPATH=/home/wye/Projects/robotics-onboarding-notes/day-1/ros2_ws/build/day1_topics/prefix_override:/usr/lib/python3/dist-packages/colcon_core/task/python/colcon_distutils_commands:/home/wye/Projects/robotics-onboarding-notes/day-1/ros2_ws/install/day1_topics/lib/python3.10/site-packages:${PYTHONPATH} /usr/bin/python3 -W ignore:setup.py install is deprecated -W ignore:easy_install command is deprecated setup.py egg_info --egg-base ../../build/day1_topics build --build-base /home/wye/Projects/robotics-onboarding-notes/day-1/ros2_ws/build/day1_topics/build install --record /home/wye/Projects/robotics-onboarding-notes/day-1/ros2_ws/build/day1_topics/install.log --single-version-externally-managed install_data
[0.710s] Level 1:colcon.colcon_core.environment:checking '/home/wye/Projects/robotics-onboarding-notes/day-1/ros2_ws/install/day1_topics' for CMake module files
[0.710s] Level 1:colcon.colcon_core.environment:checking '/home/wye/Projects/robotics-onboarding-notes/day-1/ros2_ws/install/day1_topics' for CMake config files
[0.711s] Level 1:colcon.colcon_core.environment:checking '/home/wye/Projects/robotics-onboarding-notes/day-1/ros2_ws/install/day1_topics/lib'
[0.711s] Level 1:colcon.colcon_core.environment:checking '/home/wye/Projects/robotics-onboarding-notes/day-1/ros2_ws/install/day1_topics/bin'
[0.711s] Level 1:colcon.colcon_core.environment:checking '/home/wye/Projects/robotics-onboarding-notes/day-1/ros2_ws/install/day1_topics/lib/pkgconfig/day1_topics.pc'
[0.711s] Level 1:colcon.colcon_core.environment:checking '/home/wye/Projects/robotics-onboarding-notes/day-1/ros2_ws/install/day1_topics/lib/python3.10/site-packages'
[0.711s] Level 1:colcon.colcon_core.shell:create_environment_hook('day1_topics', 'pythonpath')
[0.711s] INFO:colcon.colcon_core.shell:Creating environment hook '/home/wye/Projects/robotics-onboarding-notes/day-1/ros2_ws/install/day1_topics/share/day1_topics/hook/pythonpath.ps1'
[0.711s] INFO:colcon.colcon_core.shell:Creating environment descriptor '/home/wye/Projects/robotics-onboarding-notes/day-1/ros2_ws/install/day1_topics/share/day1_topics/hook/pythonpath.dsv'
[0.711s] INFO:colcon.colcon_core.shell:Creating environment hook '/home/wye/Projects/robotics-onboarding-notes/day-1/ros2_ws/install/day1_topics/share/day1_topics/hook/pythonpath.sh'
[0.712s] Level 1:colcon.colcon_core.environment:checking '/home/wye/Projects/robotics-onboarding-notes/day-1/ros2_ws/install/day1_topics/bin'
[0.712s] Level 1:colcon.colcon_core.environment:create_environment_scripts_only(day1_topics)
[0.712s] INFO:colcon.colcon_core.shell:Creating package script '/home/wye/Projects/robotics-onboarding-notes/day-1/ros2_ws/install/day1_topics/share/day1_topics/package.ps1'
[0.712s] INFO:colcon.colcon_core.shell:Creating package descriptor '/home/wye/Projects/robotics-onboarding-notes/day-1/ros2_ws/install/day1_topics/share/day1_topics/package.dsv'
[0.713s] INFO:colcon.colcon_core.shell:Creating package script '/home/wye/Projects/robotics-onboarding-notes/day-1/ros2_ws/install/day1_topics/share/day1_topics/package.sh'
[0.713s] INFO:colcon.colcon_core.shell:Creating package script '/home/wye/Projects/robotics-onboarding-notes/day-1/ros2_ws/install/day1_topics/share/day1_topics/package.bash'
[0.713s] INFO:colcon.colcon_core.shell:Creating package script '/home/wye/Projects/robotics-onboarding-notes/day-1/ros2_ws/install/day1_topics/share/day1_topics/package.zsh'
[0.714s] Level 1:colcon.colcon_core.environment:create_file_with_runtime_dependencies(/home/wye/Projects/robotics-onboarding-notes/day-1/ros2_ws/install/day1_topics/share/colcon-core/packages/day1_topics)
[0.714s] DEBUG:colcon.colcon_parallel_executor.executor.parallel:closing loop
[0.714s] DEBUG:colcon.colcon_parallel_executor.executor.parallel:loop closed
[0.714s] DEBUG:colcon.colcon_parallel_executor.executor.parallel:run_until_complete finished with '0'
[0.714s] DEBUG:colcon.colcon_core.event_reactor:joining thread
[0.717s] INFO:colcon.colcon_core.plugin_system:Skipping extension 'colcon_notification.desktop_notification.terminal_notifier': Not used on non-Darwin systems
[0.717s] INFO:colcon.colcon_core.plugin_system:Skipping extension 'colcon_notification.desktop_notification.win32': Not used on non-Windows systems
[0.717s] INFO:colcon.colcon_notification.desktop_notification:Sending desktop notification using 'notify2'
[0.733s] DEBUG:colcon.colcon_core.event_reactor:joined thread
[0.733s] INFO:colcon.colcon_core.shell:Creating prefix script '/home/wye/Projects/robotics-onboarding-notes/day-1/ros2_ws/install/local_setup.ps1'
[0.734s] INFO:colcon.colcon_core.shell:Creating prefix util module '/home/wye/Projects/robotics-onboarding-notes/day-1/ros2_ws/install/_local_setup_util_ps1.py'
[0.735s] INFO:colcon.colcon_core.shell:Creating prefix chain script '/home/wye/Projects/robotics-onboarding-notes/day-1/ros2_ws/install/setup.ps1'
[0.735s] INFO:colcon.colcon_core.shell:Creating prefix script '/home/wye/Projects/robotics-onboarding-notes/day-1/ros2_ws/install/local_setup.sh'
[0.736s] INFO:colcon.colcon_core.shell:Creating prefix util module '/home/wye/Projects/robotics-onboarding-notes/day-1/ros2_ws/install/_local_setup_util_sh.py'
[0.736s] INFO:colcon.colcon_core.shell:Creating prefix chain script '/home/wye/Projects/robotics-onboarding-notes/day-1/ros2_ws/install/setup.sh'
[0.737s] INFO:colcon.colcon_core.shell:Creating prefix script '/home/wye/Projects/robotics-onboarding-notes/day-1/ros2_ws/install/local_setup.bash'
[0.737s] INFO:colcon.colcon_core.shell:Creating prefix chain script '/home/wye/Projects/robotics-onboarding-notes/day-1/ros2_ws/install/setup.bash'
[0.737s] INFO:colcon.colcon_core.shell:Creating prefix script '/home/wye/Projects/robotics-onboarding-notes/day-1/ros2_ws/install/local_setup.zsh'
[0.738s] INFO:colcon.colcon_core.shell:Creating prefix chain script '/home/wye/Projects/robotics-onboarding-notes/day-1/ros2_ws/install/setup.zsh'
